<?xml version="1.0" encoding="UTF-8"?>
<testng-results ignored="0" total="2" passed="2" failed="0" skipped="0">
  <reporter-output>
  </reporter-output>
  <suite started-at="2023-06-10T10:55:41 IST" name="Test suite" finished-at="2023-06-10T10:56:42 IST" duration-ms="61087">
    <groups>
    </groups>
    <test started-at="2023-06-10T10:55:41 IST" name="case" finished-at="2023-06-10T10:56:06 IST" duration-ms="25751">
      <class name="ThroneWeb.Footer">
        <test-method signature="firsttry()[pri:0, instance:ThroneWeb.Footer@459e9125]" started-at="2023-06-10T10:55:41 IST" name="firsttry" finished-at="2023-06-10T10:56:06 IST" duration-ms="25723" status="PASS">
          <reporter-output>
          </reporter-output>
        </test-method> <!-- firsttry -->
      </class> <!-- ThroneWeb.Footer -->
    </test> <!-- case -->
    <test started-at="2023-06-10T10:56:06 IST" name="Test" finished-at="2023-06-10T10:56:42 IST" duration-ms="35318">
      <class name="ThroneWeb.Header">
        <test-method signature="secondtry()[pri:0, instance:ThroneWeb.Header@7e6f74c]" started-at="2023-06-10T10:56:06 IST" name="secondtry" finished-at="2023-06-10T10:56:42 IST" duration-ms="35315" status="PASS">
          <reporter-output>
          </reporter-output>
        </test-method> <!-- secondtry -->
      </class> <!-- ThroneWeb.Header -->
    </test> <!-- Test -->
  </suite> <!-- Test suite -->
</testng-results>
