<?xml version="1.0" encoding="UTF-8"?>
<!-- Generated by org.testng.reporters.JUnitXMLReporter -->
<testsuite ignored="1" hostname="Aji" failures="0" tests="7" name="Default test" time="60.667" errors="0" timestamp="2023-06-14T17:36:04 IST">
  <testcase classname="ENetwork.HomePage" name="HomeData" time="8.967"/>
  <testcase classname="ENetwork.HomePage" name="HomeDigital" time="6.16"/>
  <testcase classname="ENetwork.HomePage" name="HomeServices" time="6.305"/>
  <testcase classname="ENetwork.HomePage" name="HomePrint" time="6.425"/>
  <testcase classname="ENetwork.HomePage" name="HomeUser" time="6.226"/>
  <testcase classname="ENetwork.HomePage" name="Home3D" time="6.265"/>
  <testcase classname="ENetwork.HomePage" name="Moresolution" time="13.234"/>
  <testcase classname="ENetwork.HomePage" name="Scroll" time="0.0">
    <ignored/>
  </testcase> <!-- Scroll -->
</testsuite> <!-- Default test -->
