<?xml version="1.0" encoding="UTF-8"?>
<!-- Generated by org.testng.reporters.JUnitXMLReporter -->
<testsuite ignored="0" hostname="Aji" failures="0" tests="9" name="Default test" time="160.396" errors="0" timestamp="2023-06-19T10:39:54 IST">
  <testcase classname="ENetwork.FooterMain" name="DataCenter" time="8.188"/>
  <testcase classname="ENetwork.FooterMain" name="DigitalDisplays" time="5.399"/>
  <testcase classname="ENetwork.FooterMain" name="Services" time="21.364"/>
  <testcase classname="ENetwork.FooterMain" name="Printing" time="6.449"/>
  <testcase classname="ENetwork.FooterMain" name="User" time="21.562"/>
  <testcase classname="ENetwork.FooterMain" name="Accessories" time="4.764"/>
  <testcase classname="ENetwork.FooterMain" name="software" time="6.929"/>
  <testcase classname="ENetwork.FooterMain" name="printer" time="34.697"/>
  <testcase classname="ENetwork.FooterMain" name="Footer" time="47.26"/>
</testsuite> <!-- Default test -->
