<?xml version="1.0" encoding="UTF-8"?>
<!-- Generated by org.testng.reporters.JUnitXMLReporter -->
<testsuite ignored="2" hostname="Aji" failures="0" tests="1" name="Default test" time="0.046" errors="0" timestamp="2023-05-12T10:43:07 IST">
  <testcase classname="Testng.SkipMethod" name="secondcase" time="0.009">
    <skipped/>
  </testcase> <!-- secondcase -->
  <testcase classname="Testng.SkipMethod" name="thirdcase" time="0.0">
    <ignored/>
  </testcase> <!-- thirdcase -->
  <testcase classname="Testng.SkipMethod" name="firstcase" time="0.0">
    <ignored/>
  </testcase> <!-- firstcase -->
</testsuite> <!-- Default test -->
