<?xml version="1.0" encoding="UTF-8"?>
<!-- Generated by org.testng.reporters.JUnitXMLReporter -->
<testsuite ignored="2" hostname="Aji" failures="0" tests="2" name="case test" time="0.045" errors="0" timestamp="2023-04-19T14:31:01 IST">
  <testcase classname="Testng.GroupTest" name="jaguar" time="0.008"/>
  <testcase classname="Testng.GroupTest" name="ninja" time="0.002"/>
  <testcase classname="Testng.GroupTest" name="jaguar1" time="0.0">
    <ignored/>
  </testcase> <!-- jaguar1 -->
  <testcase classname="Testng.GroupTest" name="ninja1" time="0.0">
    <ignored/>
  </testcase> <!-- ninja1 -->
</testsuite> <!-- case test -->
