<?xml version="1.0" encoding="UTF-8"?>
<!-- Generated by org.testng.reporters.JUnitXMLReporter -->
<testsuite ignored="0" hostname="Aji" failures="0" tests="8" name="test3" time="113.344" errors="0" timestamp="2023-06-14T10:22:39 IST">
  <testcase classname="ENetwork.FooterMain" name="DataCenter" time="8.093"/>
  <testcase classname="ENetwork.FooterMain" name="DigitalDisplays" time="5.404"/>
  <testcase classname="ENetwork.FooterMain" name="Services" time="21.188"/>
  <testcase classname="ENetwork.FooterMain" name="Printing" time="6.458"/>
  <testcase classname="ENetwork.FooterMain" name="User" time="21.68"/>
  <testcase classname="ENetwork.FooterMain" name="Accessories" time="4.932"/>
  <testcase classname="ENetwork.FooterMain" name="software" time="7.904"/>
  <testcase classname="ENetwork.FooterMain" name="printer" time="34.766"/>
</testsuite> <!-- test3 -->
