<?xml version="1.0" encoding="UTF-8"?>
<!-- Generated by org.testng.reporters.JUnitXMLReporter -->
<testsuite ignored="1" hostname="Aji" failures="0" tests="7" name="test2" time="64.478" errors="0" timestamp="2023-06-19T12:48:17 IST">
  <testcase classname="ENetwork.HomePage" name="HomeData" time="7.057"/>
  <testcase classname="ENetwork.HomePage" name="HomeDigital" time="6.592"/>
  <testcase classname="ENetwork.HomePage" name="HomeServices" time="6.265"/>
  <testcase classname="ENetwork.HomePage" name="HomePrint" time="6.218"/>
  <testcase classname="ENetwork.HomePage" name="HomeUser" time="6.237"/>
  <testcase classname="ENetwork.HomePage" name="Home3D" time="6.322"/>
  <testcase classname="ENetwork.HomePage" name="Moresolution" time="13.323"/>
  <testcase classname="ENetwork.HomePage" name="Scroll" time="0.0">
    <ignored/>
  </testcase> <!-- Scroll -->
</testsuite> <!-- test2 -->
