<?xml version="1.0" encoding="UTF-8"?>
<!-- Generated by org.testng.reporters.JUnitXMLReporter -->
<testsuite ignored="0" hostname="Aji" failures="0" tests="4" name="test" time="73.259" errors="0" timestamp="2023-06-14T10:19:52 IST">
  <testcase classname="ENetwork.HeaderMain" name="Home" time="4.823"/>
  <testcase classname="ENetwork.HeaderMain" name="Solution" time="63.723"/>
  <testcase classname="ENetwork.HeaderMain" name="Software" time="0.674"/>
  <testcase classname="ENetwork.HeaderMain" name="Contact" time="0.52"/>
</testsuite> <!-- test -->
