<?xml version="1.0" encoding="UTF-8"?>
<!-- Generated by org.testng.reporters.JUnitXMLReporter -->
<testsuite ignored="0" hostname="Aji" failures="0" tests="9" name="test3" time="142.672" errors="0" timestamp="2023-06-19T12:50:40 IST">
  <testcase classname="ENetwork.FooterMain" name="DataCenter" time="8.575"/>
  <testcase classname="ENetwork.FooterMain" name="DigitalDisplays" time="5.363"/>
  <testcase classname="ENetwork.FooterMain" name="Services" time="21.724"/>
  <testcase classname="ENetwork.FooterMain" name="Printing" time="6.537"/>
  <testcase classname="ENetwork.FooterMain" name="User" time="21.659"/>
  <testcase classname="ENetwork.FooterMain" name="Accessories" time="4.877"/>
  <testcase classname="ENetwork.FooterMain" name="software" time="6.867"/>
  <testcase classname="ENetwork.FooterMain" name="printer" time="34.998"/>
  <testcase classname="ENetwork.FooterMain" name="Footer" time="27.914"/>
</testsuite> <!-- test3 -->
