<?xml version="1.0" encoding="UTF-8"?>
<!-- Generated by org.testng.reporters.JUnitXMLReporter -->
<testsuite ignored="0" hostname="Aji" failures="0" tests="5" name="test" time="138.061" errors="0" timestamp="2023-06-19T12:47:12 IST">
  <testcase classname="ENetwork.HeaderMain" name="Home" time="4.974"/>
  <testcase classname="ENetwork.HeaderMain" name="Solution" time="62.524"/>
  <testcase classname="ENetwork.HeaderMain" name="Software" time="0.678"/>
  <testcase classname="ENetwork.HeaderMain" name="Consultant" time="21.194"/>
  <testcase classname="ENetwork.HeaderMain" name="Contact" time="0.671"/>
</testsuite> <!-- test -->
